[03:50:31] [ServerMain/ERROR]: Failed to load properties from file: server.properties
java.nio.file.NoSuchFileException: server.properties
	at sun.nio.fs.UnixException.translateToIOException(UnixException.java:92) ~[?:?]
	at sun.nio.fs.UnixException.rethrowAsIOException(UnixException.java:106) ~[?:?]
	at sun.nio.fs.UnixException.rethrowAsIOException(UnixException.java:111) ~[?:?]
	at sun.nio.fs.UnixFileSystemProvider.newByteChannel(UnixFileSystemProvider.java:218) ~[?:?]
	at java.nio.file.Files.newByteChannel(Files.java:380) ~[?:?]
	at java.nio.file.Files.newByteChannel(Files.java:432) ~[?:?]
	at java.nio.file.spi.FileSystemProvider.newInputStream(FileSystemProvider.java:422) ~[?:?]
	at java.nio.file.Files.newInputStream(Files.java:160) ~[?:?]
	at net.minecraft.server.dedicated.Settings.loadFromFile(Settings.java:57) ~[?:?]
	at net.minecraft.server.dedicated.DedicatedServerProperties.fromFile(DedicatedServerProperties.java:178) ~[paper-1.20.jar:git-Paper-17]
	at net.minecraft.server.dedicated.DedicatedServerSettings.<init>(DedicatedServerSettings.java:19) ~[paper-1.20.jar:git-Paper-17]
	at net.minecraft.server.Main.main(Main.java:131) ~[paper-1.20.jar:git-Paper-17]
	at org.bukkit.craftbukkit.Main.main(Main.java:316) ~[paper-1.20.jar:git-Paper-17]
	at io.papermc.paperclip.Paperclip.lambda$main$0(Paperclip.java:42) ~[app:?]
	at java.lang.Thread.run(Thread.java:840) ~[?:?]
[03:50:31] [ServerMain/INFO]: Environment: authHost='https://authserver.mojang.com', accountsHost='https://api.mojang.com', sessionHost='https://sessionserver.mojang.com', servicesHost='https://api.minecraftservices.com', name='PROD'
[03:50:31] [ServerMain/INFO]: Found new data pack file/bukkit, loading it automatically
[03:50:33] [ServerMain/INFO]: Loaded 7 recipes
[03:50:34] [Server thread/INFO]: Starting minecraft server version 1.20
[03:50:34] [Server thread/INFO]: Loading properties
[03:50:34] [Server thread/INFO]: This server is running Paper version git-Paper-17 (MC: 1.20) (Implementing API version 1.20-R0.1-SNAPSHOT) (Git: c287e92)
[03:50:34] [Server thread/INFO]: Server Ping Player Sample Count: 12
[03:50:34] [Server thread/INFO]: Using 4 threads for Netty based IO
[03:50:34] [Server thread/INFO]: [ChunkTaskScheduler] Chunk system is using 1 I/O threads, 1 worker threads, and gen parallelism of 1 threads
[03:50:34] [Server thread/WARN]: [!] The timings profiler has been enabled but has been scheduled for removal from Paper in the future.
    We recommend installing the spark profiler as a replacement: https://spark.lucko.me/
    For more information please visit: https://github.com/PaperMC/Paper/issues/8948
[03:50:35] [Server thread/INFO]: Default game type: SURVIVAL
[03:50:35] [Server thread/INFO]: Generating keypair
[03:50:35] [Server thread/INFO]: Starting Minecraft server on *:25565
[03:50:35] [Server thread/INFO]: Using epoll channel type
[03:50:35] [Server thread/INFO]: Paper: Using libdeflate (Linux x86_64) compression from Velocity.
[03:50:35] [Server thread/INFO]: Paper: Using OpenSSL 1.1.x (Linux x86_64) cipher from Velocity.
[03:50:35] [Server thread/INFO]: Preparing level "world"
[03:50:46] [Server thread/INFO]: Preparing start region for dimension minecraft:overworld
[03:50:46] [Server thread/INFO]: Time elapsed: 202 ms
[03:50:46] [Server thread/INFO]: Preparing start region for dimension minecraft:the_nether
[03:50:46] [Server thread/INFO]: Time elapsed: 96 ms
[03:50:46] [Server thread/INFO]: Preparing start region for dimension minecraft:the_end
[03:50:46] [Server thread/INFO]: Time elapsed: 58 ms
[03:50:46] [Server thread/INFO]: Running delayed init tasks
[03:50:46] [Server thread/INFO]: Done (12.258s)! For help, type "help"
[03:50:46] [Server thread/INFO]: Timings Reset
[03:51:17] [Server thread/INFO]: com.mojang.authlib.GameProfile@37e0f5a3[id=<null>,name=endermanking_1,properties={},legacy=false] (/[0:0:0:0:0:0:0:1%0]:49826) lost connection: Timed out
[03:51:22] [Server thread/INFO]: com.mojang.authlib.GameProfile@7fcebd66[id=<null>,name=endermanking_1,properties={},legacy=false] (/[0:0:0:0:0:0:0:1%0]:36926) lost connection: Timed out
[03:53:14] [Server thread/INFO]: com.mojang.authlib.GameProfile@26dd8524[id=<null>,name=endermanking_1,properties={},legacy=false] (/[0:0:0:0:0:0:0:1%0]:59868) lost connection: Timed out
[04:00:11] [Server thread/INFO]: com.mojang.authlib.GameProfile@30c55173[id=<null>,name=endermanking_1,properties={},legacy=false] (/[0:0:0:0:0:0:0:1%0]:48180) lost connection: Timed out
